<?xml version="1.0" encoding="UTF-8"?>
<testsuite xmlns:xsi="http://www.w3.org/2001/XMLSchema-instance" xsi:noNamespaceSchemaLocation="https://maven.apache.org/surefire/maven-surefire-plugin/xsd/surefire-test-report.xsd" name="com.pipeline.testpipeline.TestPipelineApplicationTests" time="2.8" tests="2" errors="0" skipped="0" failures="0">
  <properties>
[...]
</properties>
  <testcase name="main" classname="com.pipeline.testpipeline.TestPipelineApplicationTests" time="0.431"/>
  <testcase name="contextLoads" classname="com.pipeline.testpipeline.TestPipelineApplicationTests" time="0.004"/>
</testsuite>